<?xml version="1.0" encoding="UTF-8"?>
<!-- Generated by org.testng.reporters.JUnitReportReporter -->
<testsuite hostname="LAPTOP-10OHHOL4" failures="0" tests="2" name="testScripts.RegisterShopperTest" time="0.031" errors="1" timestamp="2023-08-24T11:07:01 IST" skipped="1">
  <testcase classname="testScripts.RegisterShopperTest" name="createAccountTest" time="0.000">
    <skipped/>
  </testcase> <!-- createAccountTest -->
  <system-out/>
  <testcase classname="testScripts.RegisterShopperTest" name="classConfiguration" time="0.031">
    <error message="Unresolved compilation problems: 
	Syntax error, insert &quot;:: IdentifierOrNew&quot; to complete ReferenceExpression
	Syntax error, insert &quot;AssignmentOperator Expression&quot; to complete Assignment
	Syntax error, insert &quot;;&quot; to complete Statement
	Cell cannot be resolved to a variable
	cell cannot be resolved to a variable
	The method setcellvalue(String) is undefined for the type Cell
	Syntax error on token &quot;;&quot;, { expected after this token
	Duplicate field ExcelUtility.e
	The method write(OutputStream) in the type Workbook is not applicable for the arguments (FileInputStream)
	Duplicate field ExcelUtility.e
	Syntax error on token &quot;}&quot;, delete this token
	Syntax error on token(s), misplaced construct(s)
	Syntax error on token &quot;closeExcel&quot;, AnnotationName expected after this token
	Syntax error, insert &quot;}&quot; to complete Block
	Syntax error, insert &quot;}&quot; to complete ClassBody
" type="java.lang.Error">
      <![CDATA[java.lang.Error: Unresolved compilation problems: 
Syntax error, insert ":: IdentifierOrNew" to complete ReferenceExpression
Syntax error, insert "AssignmentOperator Expression" to complete Assignment
Syntax error, insert ";" to complete Statement
Cell cannot be resolved to a variable
cell cannot be resolved to a variable
The method setcellvalue(String) is undefined for the type Cell
Syntax error on token ";", { expected after this token
Duplicate field ExcelUtility.e
The method write(OutputStream) in the type Workbook is not applicable for the arguments (FileInputStream)
Duplicate field ExcelUtility.e
Syntax error on token "}", delete this token
Syntax error on token(s), misplaced construct(s)
Syntax error on token "closeExcel", AnnotationName expected after this token
Syntax error, insert "}" to complete Block
Syntax error, insert "}" to complete ClassBody

at genericLibraries.ExcelUtility.<init>(ExcelUtility.java:67)
at genericLibraries.BaseClass.classConfiguration(BaseClass.java:45)
at java.base/jdk.internal.reflect.NativeMethodAccessorImpl.invoke0(Native Method)
at java.base/jdk.internal.reflect.NativeMethodAccessorImpl.invoke(NativeMethodAccessorImpl.java:77)
at java.base/jdk.internal.reflect.DelegatingMethodAccessorImpl.invoke(DelegatingMethodAccessorImpl.java:43)
at java.base/java.lang.reflect.Method.invoke(Method.java:568)
at org.testng.internal.invokers.MethodInvocationHelper.invokeMethod(MethodInvocationHelper.java:139)
at org.testng.internal.invokers.MethodInvocationHelper.invokeMethodConsideringTimeout(MethodInvocationHelper.java:69)
at org.testng.internal.invokers.ConfigInvoker.invokeConfigurationMethod(ConfigInvoker.java:361)
at org.testng.internal.invokers.ConfigInvoker.invokeConfigurations(ConfigInvoker.java:296)
at org.testng.internal.invokers.TestMethodWorker.invokeBeforeClassMethods(TestMethodWorker.java:180)
at org.testng.internal.invokers.TestMethodWorker.run(TestMethodWorker.java:122)
at java.base/java.util.ArrayList.forEach(ArrayList.java:1511)
at org.testng.TestRunner.privateRun(TestRunner.java:829)
at org.testng.TestRunner.run(TestRunner.java:602)
at org.testng.SuiteRunner.runTest(SuiteRunner.java:437)
at org.testng.SuiteRunner.runSequentially(SuiteRunner.java:431)
at org.testng.SuiteRunner.privateRun(SuiteRunner.java:391)
at org.testng.SuiteRunner.run(SuiteRunner.java:330)
at org.testng.SuiteRunnerWorker.runSuite(SuiteRunnerWorker.java:52)
at org.testng.SuiteRunnerWorker.run(SuiteRunnerWorker.java:95)
at org.testng.TestNG.runSuitesSequentially(TestNG.java:1256)
at org.testng.TestNG.runSuitesLocally(TestNG.java:1176)
at org.testng.TestNG.runSuites(TestNG.java:1099)
at org.testng.TestNG.run(TestNG.java:1067)
at org.testng.remote.AbstractRemoteTestNG.run(AbstractRemoteTestNG.java:115)
at org.testng.remote.RemoteTestNG.initAndRun(RemoteTestNG.java:251)
at org.testng.remote.RemoteTestNG.main(RemoteTestNG.java:77)
]]>
    </error>
  </testcase> <!-- classConfiguration -->
  <system-out/>
</testsuite> <!-- testScripts.RegisterShopperTest -->
